DEPRECATION WARNING: Sass's behavior for declarations that appear after nested
rules will be changing to match the behavior specified by CSS in an upcoming
version. To keep the existing behavior, move the declaration above the nested
rule. To opt into the new behavior, wrap the declaration in `& {}`.

More info: https://sass-lang.com/d/mixed-decls

    ╷
53  │     @at-root figure#{&} {
    │ ┌────────────^
54  │ │     @extend %code-snippet-bg;
55  │ │   }
    │ └─── nested rule
... │
57  │     overflow: auto;
    │     ^^^^^^^^^^^^^^ declaration
    ╵
    /home/lucas/github/ArthurHendrich.github.io/_sass/addon/syntax.scss 57:3             @import
    main.scss 6:9                                                                        @import
    /home/lucas/github/ArthurHendrich.github.io/assets/css/jekyll-theme-chirpy.scss 1:9  root stylesheet
DEPRECATION WARNING: Sass's behavior for declarations that appear after nested
rules will be changing to match the behavior specified by CSS in an upcoming
version. To keep the existing behavior, move the declaration above the nested
rule. To opt into the new behavior, wrap the declaration in `& {}`.

More info: https://sass-lang.com/d/mixed-decls

    ╷
53  │     @at-root figure#{&} {
    │ ┌────────────^
54  │ │     @extend %code-snippet-bg;
55  │ │   }
    │ └─── nested rule
... │
58  │     padding-bottom: 0.75rem;
    │     ^^^^^^^^^^^^^^^^^^^^^^^ declaration
    ╵
    /home/lucas/github/ArthurHendrich.github.io/_sass/addon/syntax.scss 58:3             @import
    main.scss 6:9                                                                        @import
    /home/lucas/github/ArthurHendrich.github.io/assets/css/jekyll-theme-chirpy.scss 1:9  root stylesheet
DEPRECATION WARNING: Sass's behavior for declarations that appear after nested
rules will be changing to match the behavior specified by CSS in an upcoming
version. To keep the existing behavior, move the declaration above the nested
rule. To opt into the new behavior, wrap the declaration in `& {}`.

More info: https://sass-lang.com/d/mixed-decls

    ╷
99  │ ┌   .dark {
100 │ │     display: none;
101 │ │   }
    │ └─── nested rule
... │
104 │     --categories-border: rgba(0, 0, 0, 0.125);
    │     ^^^^^^^^^^^^^^^^^^^^^^^^^^^^^^^^^^^^^^^^^ declaration
    ╵
    /home/lucas/github/ArthurHendrich.github.io/_sass/colors/typography-light.scss 104:3  light-scheme()
    /home/lucas/github/ArthurHendrich.github.io/_sass/addon/commons.scss 7:7              @import
    main.scss 7:9                                                                         @import
    /home/lucas/github/ArthurHendrich.github.io/assets/css/jekyll-theme-chirpy.scss 1:9   root stylesheet
DEPRECATION WARNING: Sass's behavior for declarations that appear after nested
rules will be changing to match the behavior specified by CSS in an upcoming
version. To keep the existing behavior, move the declaration above the nested
rule. To opt into the new behavior, wrap the declaration in `& {}`.

More info: https://sass-lang.com/d/mixed-decls

    ╷
99  │ ┌   .dark {
100 │ │     display: none;
101 │ │   }
    │ └─── nested rule
... │
105 │     --categories-hover-bg: var(--btn-border-color);
    │     ^^^^^^^^^^^^^^^^^^^^^^^^^^^^^^^^^^^^^^^^^^^^^^ declaration
    ╵
    /home/lucas/github/ArthurHendrich.github.io/_sass/colors/typography-light.scss 105:3  light-scheme()
    /home/lucas/github/ArthurHendrich.github.io/_sass/addon/commons.scss 7:7              @import
    main.scss 7:9                                                                         @import
    /home/lucas/github/ArthurHendrich.github.io/assets/css/jekyll-theme-chirpy.scss 1:9   root stylesheet
DEPRECATION WARNING: Sass's behavior for declarations that appear after nested
rules will be changing to match the behavior specified by CSS in an upcoming
version. To keep the existing behavior, move the declaration above the nested
rule. To opt into the new behavior, wrap the declaration in `& {}`.

More info: https://sass-lang.com/d/mixed-decls

    ╷
99  │ ┌   .dark {
100 │ │     display: none;
101 │ │   }
    │ └─── nested rule
... │
106 │     --categories-icon-hover-color: darkslategray;
    │     ^^^^^^^^^^^^^^^^^^^^^^^^^^^^^^^^^^^^^^^^^^^^ declaration
    ╵
    /home/lucas/github/ArthurHendrich.github.io/_sass/colors/typography-light.scss 106:3  light-scheme()
    /home/lucas/github/ArthurHendrich.github.io/_sass/addon/commons.scss 7:7              @import
    main.scss 7:9                                                                         @import
    /home/lucas/github/ArthurHendrich.github.io/assets/css/jekyll-theme-chirpy.scss 1:9   root stylesheet
WARNING: 17 repetitive deprecation warnings omitted.
Run in verbose mode to see all warnings.
DEPRECATION WARNING: Sass's behavior for declarations that appear after nested
rules will be changing to match the behavior specified by CSS in an upcoming
version. To keep the existing behavior, move the declaration above the nested
rule. To opt into the new behavior, wrap the declaration in `& {}`.

More info: https://sass-lang.com/d/mixed-decls

    ╷
53  │     @at-root figure#{&} {
    │ ┌────────────^
54  │ │     @extend %code-snippet-bg;
55  │ │   }
    │ └─── nested rule
... │
57  │     overflow: auto;
    │     ^^^^^^^^^^^^^^ declaration
    ╵
    /home/lucas/github/ArthurHendrich.github.io/_sass/addon/syntax.scss 57:3             @import
    main.scss 6:9                                                                        @import
    /home/lucas/github/ArthurHendrich.github.io/assets/css/jekyll-theme-chirpy.scss 1:9  root stylesheet
DEPRECATION WARNING: Sass's behavior for declarations that appear after nested
rules will be changing to match the behavior specified by CSS in an upcoming
version. To keep the existing behavior, move the declaration above the nested
rule. To opt into the new behavior, wrap the declaration in `& {}`.

More info: https://sass-lang.com/d/mixed-decls

    ╷
53  │     @at-root figure#{&} {
    │ ┌────────────^
54  │ │     @extend %code-snippet-bg;
55  │ │   }
    │ └─── nested rule
... │
58  │     padding-bottom: 0.75rem;
    │     ^^^^^^^^^^^^^^^^^^^^^^^ declaration
    ╵
    /home/lucas/github/ArthurHendrich.github.io/_sass/addon/syntax.scss 58:3             @import
    main.scss 6:9                                                                        @import
    /home/lucas/github/ArthurHendrich.github.io/assets/css/jekyll-theme-chirpy.scss 1:9  root stylesheet
DEPRECATION WARNING: Sass's behavior for declarations that appear after nested
rules will be changing to match the behavior specified by CSS in an upcoming
version. To keep the existing behavior, move the declaration above the nested
rule. To opt into the new behavior, wrap the declaration in `& {}`.

More info: https://sass-lang.com/d/mixed-decls

    ╷
99  │ ┌   .dark {
100 │ │     display: none;
101 │ │   }
    │ └─── nested rule
... │
104 │     --categories-border: rgba(0, 0, 0, 0.125);
    │     ^^^^^^^^^^^^^^^^^^^^^^^^^^^^^^^^^^^^^^^^^ declaration
    ╵
    /home/lucas/github/ArthurHendrich.github.io/_sass/colors/typography-light.scss 104:3  light-scheme()
    /home/lucas/github/ArthurHendrich.github.io/_sass/addon/commons.scss 7:7              @import
    main.scss 7:9                                                                         @import
    /home/lucas/github/ArthurHendrich.github.io/assets/css/jekyll-theme-chirpy.scss 1:9   root stylesheet
DEPRECATION WARNING: Sass's behavior for declarations that appear after nested
rules will be changing to match the behavior specified by CSS in an upcoming
version. To keep the existing behavior, move the declaration above the nested
rule. To opt into the new behavior, wrap the declaration in `& {}`.

More info: https://sass-lang.com/d/mixed-decls

    ╷
99  │ ┌   .dark {
100 │ │     display: none;
101 │ │   }
    │ └─── nested rule
... │
105 │     --categories-hover-bg: var(--btn-border-color);
    │     ^^^^^^^^^^^^^^^^^^^^^^^^^^^^^^^^^^^^^^^^^^^^^^ declaration
    ╵
    /home/lucas/github/ArthurHendrich.github.io/_sass/colors/typography-light.scss 105:3  light-scheme()
    /home/lucas/github/ArthurHendrich.github.io/_sass/addon/commons.scss 7:7              @import
    main.scss 7:9                                                                         @import
    /home/lucas/github/ArthurHendrich.github.io/assets/css/jekyll-theme-chirpy.scss 1:9   root stylesheet
DEPRECATION WARNING: Sass's behavior for declarations that appear after nested
rules will be changing to match the behavior specified by CSS in an upcoming
version. To keep the existing behavior, move the declaration above the nested
rule. To opt into the new behavior, wrap the declaration in `& {}`.

More info: https://sass-lang.com/d/mixed-decls

    ╷
99  │ ┌   .dark {
100 │ │     display: none;
101 │ │   }
    │ └─── nested rule
... │
106 │     --categories-icon-hover-color: darkslategray;
    │     ^^^^^^^^^^^^^^^^^^^^^^^^^^^^^^^^^^^^^^^^^^^^ declaration
    ╵
    /home/lucas/github/ArthurHendrich.github.io/_sass/colors/typography-light.scss 106:3  light-scheme()
    /home/lucas/github/ArthurHendrich.github.io/_sass/addon/commons.scss 7:7              @import
    main.scss 7:9                                                                         @import
    /home/lucas/github/ArthurHendrich.github.io/assets/css/jekyll-theme-chirpy.scss 1:9   root stylesheet
WARNING: 17 repetitive deprecation warnings omitted.
Run in verbose mode to see all warnings.
DEPRECATION WARNING: Sass's behavior for declarations that appear after nested
rules will be changing to match the behavior specified by CSS in an upcoming
version. To keep the existing behavior, move the declaration above the nested
rule. To opt into the new behavior, wrap the declaration in `& {}`.

More info: https://sass-lang.com/d/mixed-decls

    ╷
53  │     @at-root figure#{&} {
    │ ┌────────────^
54  │ │     @extend %code-snippet-bg;
55  │ │   }
    │ └─── nested rule
... │
57  │     overflow: auto;
    │     ^^^^^^^^^^^^^^ declaration
    ╵
    /home/lucas/github/ArthurHendrich.github.io/_sass/addon/syntax.scss 57:3             @import
    main.scss 6:9                                                                        @import
    /home/lucas/github/ArthurHendrich.github.io/assets/css/jekyll-theme-chirpy.scss 1:9  root stylesheet
DEPRECATION WARNING: Sass's behavior for declarations that appear after nested
rules will be changing to match the behavior specified by CSS in an upcoming
version. To keep the existing behavior, move the declaration above the nested
rule. To opt into the new behavior, wrap the declaration in `& {}`.

More info: https://sass-lang.com/d/mixed-decls

    ╷
53  │     @at-root figure#{&} {
    │ ┌────────────^
54  │ │     @extend %code-snippet-bg;
55  │ │   }
    │ └─── nested rule
... │
58  │     padding-bottom: 0.75rem;
    │     ^^^^^^^^^^^^^^^^^^^^^^^ declaration
    ╵
    /home/lucas/github/ArthurHendrich.github.io/_sass/addon/syntax.scss 58:3             @import
    main.scss 6:9                                                                        @import
    /home/lucas/github/ArthurHendrich.github.io/assets/css/jekyll-theme-chirpy.scss 1:9  root stylesheet
DEPRECATION WARNING: Sass's behavior for declarations that appear after nested
rules will be changing to match the behavior specified by CSS in an upcoming
version. To keep the existing behavior, move the declaration above the nested
rule. To opt into the new behavior, wrap the declaration in `& {}`.

More info: https://sass-lang.com/d/mixed-decls

    ╷
99  │ ┌   .dark {
100 │ │     display: none;
101 │ │   }
    │ └─── nested rule
... │
104 │     --categories-border: rgba(0, 0, 0, 0.125);
    │     ^^^^^^^^^^^^^^^^^^^^^^^^^^^^^^^^^^^^^^^^^ declaration
    ╵
    /home/lucas/github/ArthurHendrich.github.io/_sass/colors/typography-light.scss 104:3  light-scheme()
    /home/lucas/github/ArthurHendrich.github.io/_sass/addon/commons.scss 7:7              @import
    main.scss 7:9                                                                         @import
    /home/lucas/github/ArthurHendrich.github.io/assets/css/jekyll-theme-chirpy.scss 1:9   root stylesheet
DEPRECATION WARNING: Sass's behavior for declarations that appear after nested
rules will be changing to match the behavior specified by CSS in an upcoming
version. To keep the existing behavior, move the declaration above the nested
rule. To opt into the new behavior, wrap the declaration in `& {}`.

More info: https://sass-lang.com/d/mixed-decls

    ╷
99  │ ┌   .dark {
100 │ │     display: none;
101 │ │   }
    │ └─── nested rule
... │
105 │     --categories-hover-bg: var(--btn-border-color);
    │     ^^^^^^^^^^^^^^^^^^^^^^^^^^^^^^^^^^^^^^^^^^^^^^ declaration
    ╵
    /home/lucas/github/ArthurHendrich.github.io/_sass/colors/typography-light.scss 105:3  light-scheme()
    /home/lucas/github/ArthurHendrich.github.io/_sass/addon/commons.scss 7:7              @import
    main.scss 7:9                                                                         @import
    /home/lucas/github/ArthurHendrich.github.io/assets/css/jekyll-theme-chirpy.scss 1:9   root stylesheet
DEPRECATION WARNING: Sass's behavior for declarations that appear after nested
rules will be changing to match the behavior specified by CSS in an upcoming
version. To keep the existing behavior, move the declaration above the nested
rule. To opt into the new behavior, wrap the declaration in `& {}`.

More info: https://sass-lang.com/d/mixed-decls

    ╷
99  │ ┌   .dark {
100 │ │     display: none;
101 │ │   }
    │ └─── nested rule
... │
106 │     --categories-icon-hover-color: darkslategray;
    │     ^^^^^^^^^^^^^^^^^^^^^^^^^^^^^^^^^^^^^^^^^^^^ declaration
    ╵
    /home/lucas/github/ArthurHendrich.github.io/_sass/colors/typography-light.scss 106:3  light-scheme()
    /home/lucas/github/ArthurHendrich.github.io/_sass/addon/commons.scss 7:7              @import
    main.scss 7:9                                                                         @import
    /home/lucas/github/ArthurHendrich.github.io/assets/css/jekyll-theme-chirpy.scss 1:9   root stylesheet
WARNING: 17 repetitive deprecation warnings omitted.
Run in verbose mode to see all warnings.
DEPRECATION WARNING: Sass's behavior for declarations that appear after nested
rules will be changing to match the behavior specified by CSS in an upcoming
version. To keep the existing behavior, move the declaration above the nested
rule. To opt into the new behavior, wrap the declaration in `& {}`.

More info: https://sass-lang.com/d/mixed-decls

    ╷
53  │     @at-root figure#{&} {
    │ ┌────────────^
54  │ │     @extend %code-snippet-bg;
55  │ │   }
    │ └─── nested rule
... │
57  │     overflow: auto;
    │     ^^^^^^^^^^^^^^ declaration
    ╵
    /home/lucas/github/ArthurHendrich.github.io/_sass/addon/syntax.scss 57:3             @import
    main.scss 6:9                                                                        @import
    /home/lucas/github/ArthurHendrich.github.io/assets/css/jekyll-theme-chirpy.scss 1:9  root stylesheet
DEPRECATION WARNING: Sass's behavior for declarations that appear after nested
rules will be changing to match the behavior specified by CSS in an upcoming
version. To keep the existing behavior, move the declaration above the nested
rule. To opt into the new behavior, wrap the declaration in `& {}`.

More info: https://sass-lang.com/d/mixed-decls

    ╷
53  │     @at-root figure#{&} {
    │ ┌────────────^
54  │ │     @extend %code-snippet-bg;
55  │ │   }
    │ └─── nested rule
... │
58  │     padding-bottom: 0.75rem;
    │     ^^^^^^^^^^^^^^^^^^^^^^^ declaration
    ╵
    /home/lucas/github/ArthurHendrich.github.io/_sass/addon/syntax.scss 58:3             @import
    main.scss 6:9                                                                        @import
    /home/lucas/github/ArthurHendrich.github.io/assets/css/jekyll-theme-chirpy.scss 1:9  root stylesheet
DEPRECATION WARNING: Sass's behavior for declarations that appear after nested
rules will be changing to match the behavior specified by CSS in an upcoming
version. To keep the existing behavior, move the declaration above the nested
rule. To opt into the new behavior, wrap the declaration in `& {}`.

More info: https://sass-lang.com/d/mixed-decls

    ╷
99  │ ┌   .dark {
100 │ │     display: none;
101 │ │   }
    │ └─── nested rule
... │
104 │     --categories-border: rgba(0, 0, 0, 0.125);
    │     ^^^^^^^^^^^^^^^^^^^^^^^^^^^^^^^^^^^^^^^^^ declaration
    ╵
    /home/lucas/github/ArthurHendrich.github.io/_sass/colors/typography-light.scss 104:3  light-scheme()
    /home/lucas/github/ArthurHendrich.github.io/_sass/addon/commons.scss 7:7              @import
    main.scss 7:9                                                                         @import
    /home/lucas/github/ArthurHendrich.github.io/assets/css/jekyll-theme-chirpy.scss 1:9   root stylesheet
DEPRECATION WARNING: Sass's behavior for declarations that appear after nested
rules will be changing to match the behavior specified by CSS in an upcoming
version. To keep the existing behavior, move the declaration above the nested
rule. To opt into the new behavior, wrap the declaration in `& {}`.

More info: https://sass-lang.com/d/mixed-decls

    ╷
99  │ ┌   .dark {
100 │ │     display: none;
101 │ │   }
    │ └─── nested rule
... │
105 │     --categories-hover-bg: var(--btn-border-color);
    │     ^^^^^^^^^^^^^^^^^^^^^^^^^^^^^^^^^^^^^^^^^^^^^^ declaration
    ╵
    /home/lucas/github/ArthurHendrich.github.io/_sass/colors/typography-light.scss 105:3  light-scheme()
    /home/lucas/github/ArthurHendrich.github.io/_sass/addon/commons.scss 7:7              @import
    main.scss 7:9                                                                         @import
    /home/lucas/github/ArthurHendrich.github.io/assets/css/jekyll-theme-chirpy.scss 1:9   root stylesheet
DEPRECATION WARNING: Sass's behavior for declarations that appear after nested
rules will be changing to match the behavior specified by CSS in an upcoming
version. To keep the existing behavior, move the declaration above the nested
rule. To opt into the new behavior, wrap the declaration in `& {}`.

More info: https://sass-lang.com/d/mixed-decls

    ╷
99  │ ┌   .dark {
100 │ │     display: none;
101 │ │   }
    │ └─── nested rule
... │
106 │     --categories-icon-hover-color: darkslategray;
    │     ^^^^^^^^^^^^^^^^^^^^^^^^^^^^^^^^^^^^^^^^^^^^ declaration
    ╵
    /home/lucas/github/ArthurHendrich.github.io/_sass/colors/typography-light.scss 106:3  light-scheme()
    /home/lucas/github/ArthurHendrich.github.io/_sass/addon/commons.scss 7:7              @import
    main.scss 7:9                                                                         @import
    /home/lucas/github/ArthurHendrich.github.io/assets/css/jekyll-theme-chirpy.scss 1:9   root stylesheet
WARNING: 17 repetitive deprecation warnings omitted.
Run in verbose mode to see all warnings.
DEPRECATION WARNING: Sass's behavior for declarations that appear after nested
rules will be changing to match the behavior specified by CSS in an upcoming
version. To keep the existing behavior, move the declaration above the nested
rule. To opt into the new behavior, wrap the declaration in `& {}`.

More info: https://sass-lang.com/d/mixed-decls

    ╷
53  │     @at-root figure#{&} {
    │ ┌────────────^
54  │ │     @extend %code-snippet-bg;
55  │ │   }
    │ └─── nested rule
... │
57  │     overflow: auto;
    │     ^^^^^^^^^^^^^^ declaration
    ╵
    /home/lucas/github/ArthurHendrich.github.io/_sass/addon/syntax.scss 57:3             @import
    main.scss 6:9                                                                        @import
    /home/lucas/github/ArthurHendrich.github.io/assets/css/jekyll-theme-chirpy.scss 1:9  root stylesheet
DEPRECATION WARNING: Sass's behavior for declarations that appear after nested
rules will be changing to match the behavior specified by CSS in an upcoming
version. To keep the existing behavior, move the declaration above the nested
rule. To opt into the new behavior, wrap the declaration in `& {}`.

More info: https://sass-lang.com/d/mixed-decls

    ╷
53  │     @at-root figure#{&} {
    │ ┌────────────^
54  │ │     @extend %code-snippet-bg;
55  │ │   }
    │ └─── nested rule
... │
58  │     padding-bottom: 0.75rem;
    │     ^^^^^^^^^^^^^^^^^^^^^^^ declaration
    ╵
    /home/lucas/github/ArthurHendrich.github.io/_sass/addon/syntax.scss 58:3             @import
    main.scss 6:9                                                                        @import
    /home/lucas/github/ArthurHendrich.github.io/assets/css/jekyll-theme-chirpy.scss 1:9  root stylesheet
DEPRECATION WARNING: Sass's behavior for declarations that appear after nested
rules will be changing to match the behavior specified by CSS in an upcoming
version. To keep the existing behavior, move the declaration above the nested
rule. To opt into the new behavior, wrap the declaration in `& {}`.

More info: https://sass-lang.com/d/mixed-decls

    ╷
99  │ ┌   .dark {
100 │ │     display: none;
101 │ │   }
    │ └─── nested rule
... │
104 │     --categories-border: rgba(0, 0, 0, 0.125);
    │     ^^^^^^^^^^^^^^^^^^^^^^^^^^^^^^^^^^^^^^^^^ declaration
    ╵
    /home/lucas/github/ArthurHendrich.github.io/_sass/colors/typography-light.scss 104:3  light-scheme()
    /home/lucas/github/ArthurHendrich.github.io/_sass/addon/commons.scss 7:7              @import
    main.scss 7:9                                                                         @import
    /home/lucas/github/ArthurHendrich.github.io/assets/css/jekyll-theme-chirpy.scss 1:9   root stylesheet
DEPRECATION WARNING: Sass's behavior for declarations that appear after nested
rules will be changing to match the behavior specified by CSS in an upcoming
version. To keep the existing behavior, move the declaration above the nested
rule. To opt into the new behavior, wrap the declaration in `& {}`.

More info: https://sass-lang.com/d/mixed-decls

    ╷
99  │ ┌   .dark {
100 │ │     display: none;
101 │ │   }
    │ └─── nested rule
... │
105 │     --categories-hover-bg: var(--btn-border-color);
    │     ^^^^^^^^^^^^^^^^^^^^^^^^^^^^^^^^^^^^^^^^^^^^^^ declaration
    ╵
    /home/lucas/github/ArthurHendrich.github.io/_sass/colors/typography-light.scss 105:3  light-scheme()
    /home/lucas/github/ArthurHendrich.github.io/_sass/addon/commons.scss 7:7              @import
    main.scss 7:9                                                                         @import
    /home/lucas/github/ArthurHendrich.github.io/assets/css/jekyll-theme-chirpy.scss 1:9   root stylesheet
DEPRECATION WARNING: Sass's behavior for declarations that appear after nested
rules will be changing to match the behavior specified by CSS in an upcoming
version. To keep the existing behavior, move the declaration above the nested
rule. To opt into the new behavior, wrap the declaration in `& {}`.

More info: https://sass-lang.com/d/mixed-decls

    ╷
99  │ ┌   .dark {
100 │ │     display: none;
101 │ │   }
    │ └─── nested rule
... │
106 │     --categories-icon-hover-color: darkslategray;
    │     ^^^^^^^^^^^^^^^^^^^^^^^^^^^^^^^^^^^^^^^^^^^^ declaration
    ╵
    /home/lucas/github/ArthurHendrich.github.io/_sass/colors/typography-light.scss 106:3  light-scheme()
    /home/lucas/github/ArthurHendrich.github.io/_sass/addon/commons.scss 7:7              @import
    main.scss 7:9                                                                         @import
    /home/lucas/github/ArthurHendrich.github.io/assets/css/jekyll-theme-chirpy.scss 1:9   root stylesheet
WARNING: 17 repetitive deprecation warnings omitted.
Run in verbose mode to see all warnings.
DEPRECATION WARNING: Sass's behavior for declarations that appear after nested
rules will be changing to match the behavior specified by CSS in an upcoming
version. To keep the existing behavior, move the declaration above the nested
rule. To opt into the new behavior, wrap the declaration in `& {}`.

More info: https://sass-lang.com/d/mixed-decls

    ╷
53  │     @at-root figure#{&} {
    │ ┌────────────^
54  │ │     @extend %code-snippet-bg;
55  │ │   }
    │ └─── nested rule
... │
57  │     overflow: auto;
    │     ^^^^^^^^^^^^^^ declaration
    ╵
    /home/lucas/github/ArthurHendrich.github.io/_sass/addon/syntax.scss 57:3             @import
    main.scss 6:9                                                                        @import
    /home/lucas/github/ArthurHendrich.github.io/assets/css/jekyll-theme-chirpy.scss 1:9  root stylesheet
DEPRECATION WARNING: Sass's behavior for declarations that appear after nested
rules will be changing to match the behavior specified by CSS in an upcoming
version. To keep the existing behavior, move the declaration above the nested
rule. To opt into the new behavior, wrap the declaration in `& {}`.

More info: https://sass-lang.com/d/mixed-decls

    ╷
53  │     @at-root figure#{&} {
    │ ┌────────────^
54  │ │     @extend %code-snippet-bg;
55  │ │   }
    │ └─── nested rule
... │
58  │     padding-bottom: 0.75rem;
    │     ^^^^^^^^^^^^^^^^^^^^^^^ declaration
    ╵
    /home/lucas/github/ArthurHendrich.github.io/_sass/addon/syntax.scss 58:3             @import
    main.scss 6:9                                                                        @import
    /home/lucas/github/ArthurHendrich.github.io/assets/css/jekyll-theme-chirpy.scss 1:9  root stylesheet
DEPRECATION WARNING: Sass's behavior for declarations that appear after nested
rules will be changing to match the behavior specified by CSS in an upcoming
version. To keep the existing behavior, move the declaration above the nested
rule. To opt into the new behavior, wrap the declaration in `& {}`.

More info: https://sass-lang.com/d/mixed-decls

    ╷
99  │ ┌   .dark {
100 │ │     display: none;
101 │ │   }
    │ └─── nested rule
... │
104 │     --categories-border: rgba(0, 0, 0, 0.125);
    │     ^^^^^^^^^^^^^^^^^^^^^^^^^^^^^^^^^^^^^^^^^ declaration
    ╵
    /home/lucas/github/ArthurHendrich.github.io/_sass/colors/typography-light.scss 104:3  light-scheme()
    /home/lucas/github/ArthurHendrich.github.io/_sass/addon/commons.scss 7:7              @import
    main.scss 7:9                                                                         @import
    /home/lucas/github/ArthurHendrich.github.io/assets/css/jekyll-theme-chirpy.scss 1:9   root stylesheet
DEPRECATION WARNING: Sass's behavior for declarations that appear after nested
rules will be changing to match the behavior specified by CSS in an upcoming
version. To keep the existing behavior, move the declaration above the nested
rule. To opt into the new behavior, wrap the declaration in `& {}`.

More info: https://sass-lang.com/d/mixed-decls

    ╷
99  │ ┌   .dark {
100 │ │     display: none;
101 │ │   }
    │ └─── nested rule
... │
105 │     --categories-hover-bg: var(--btn-border-color);
    │     ^^^^^^^^^^^^^^^^^^^^^^^^^^^^^^^^^^^^^^^^^^^^^^ declaration
    ╵
    /home/lucas/github/ArthurHendrich.github.io/_sass/colors/typography-light.scss 105:3  light-scheme()
    /home/lucas/github/ArthurHendrich.github.io/_sass/addon/commons.scss 7:7              @import
    main.scss 7:9                                                                         @import
    /home/lucas/github/ArthurHendrich.github.io/assets/css/jekyll-theme-chirpy.scss 1:9   root stylesheet
DEPRECATION WARNING: Sass's behavior for declarations that appear after nested
rules will be changing to match the behavior specified by CSS in an upcoming
version. To keep the existing behavior, move the declaration above the nested
rule. To opt into the new behavior, wrap the declaration in `& {}`.

More info: https://sass-lang.com/d/mixed-decls

    ╷
99  │ ┌   .dark {
100 │ │     display: none;
101 │ │   }
    │ └─── nested rule
... │
106 │     --categories-icon-hover-color: darkslategray;
    │     ^^^^^^^^^^^^^^^^^^^^^^^^^^^^^^^^^^^^^^^^^^^^ declaration
    ╵
    /home/lucas/github/ArthurHendrich.github.io/_sass/colors/typography-light.scss 106:3  light-scheme()
    /home/lucas/github/ArthurHendrich.github.io/_sass/addon/commons.scss 7:7              @import
    main.scss 7:9                                                                         @import
    /home/lucas/github/ArthurHendrich.github.io/assets/css/jekyll-theme-chirpy.scss 1:9   root stylesheet
WARNING: 17 repetitive deprecation warnings omitted.
Run in verbose mode to see all warnings.
DEPRECATION WARNING: Sass's behavior for declarations that appear after nested
rules will be changing to match the behavior specified by CSS in an upcoming
version. To keep the existing behavior, move the declaration above the nested
rule. To opt into the new behavior, wrap the declaration in `& {}`.

More info: https://sass-lang.com/d/mixed-decls

    ╷
53  │     @at-root figure#{&} {
    │ ┌────────────^
54  │ │     @extend %code-snippet-bg;
55  │ │   }
    │ └─── nested rule
... │
57  │     overflow: auto;
    │     ^^^^^^^^^^^^^^ declaration
    ╵
    /home/lucas/github/ArthurHendrich.github.io/_sass/addon/syntax.scss 57:3             @import
    main.scss 6:9                                                                        @import
    /home/lucas/github/ArthurHendrich.github.io/assets/css/jekyll-theme-chirpy.scss 1:9  root stylesheet
DEPRECATION WARNING: Sass's behavior for declarations that appear after nested
rules will be changing to match the behavior specified by CSS in an upcoming
version. To keep the existing behavior, move the declaration above the nested
rule. To opt into the new behavior, wrap the declaration in `& {}`.

More info: https://sass-lang.com/d/mixed-decls

    ╷
53  │     @at-root figure#{&} {
    │ ┌────────────^
54  │ │     @extend %code-snippet-bg;
55  │ │   }
    │ └─── nested rule
... │
58  │     padding-bottom: 0.75rem;
    │     ^^^^^^^^^^^^^^^^^^^^^^^ declaration
    ╵
    /home/lucas/github/ArthurHendrich.github.io/_sass/addon/syntax.scss 58:3             @import
    main.scss 6:9                                                                        @import
    /home/lucas/github/ArthurHendrich.github.io/assets/css/jekyll-theme-chirpy.scss 1:9  root stylesheet
DEPRECATION WARNING: Sass's behavior for declarations that appear after nested
rules will be changing to match the behavior specified by CSS in an upcoming
version. To keep the existing behavior, move the declaration above the nested
rule. To opt into the new behavior, wrap the declaration in `& {}`.

More info: https://sass-lang.com/d/mixed-decls

    ╷
99  │ ┌   .dark {
100 │ │     display: none;
101 │ │   }
    │ └─── nested rule
... │
104 │     --categories-border: rgba(0, 0, 0, 0.125);
    │     ^^^^^^^^^^^^^^^^^^^^^^^^^^^^^^^^^^^^^^^^^ declaration
    ╵
    /home/lucas/github/ArthurHendrich.github.io/_sass/colors/typography-light.scss 104:3  light-scheme()
    /home/lucas/github/ArthurHendrich.github.io/_sass/addon/commons.scss 7:7              @import
    main.scss 7:9                                                                         @import
    /home/lucas/github/ArthurHendrich.github.io/assets/css/jekyll-theme-chirpy.scss 1:9   root stylesheet
DEPRECATION WARNING: Sass's behavior for declarations that appear after nested
rules will be changing to match the behavior specified by CSS in an upcoming
version. To keep the existing behavior, move the declaration above the nested
rule. To opt into the new behavior, wrap the declaration in `& {}`.

More info: https://sass-lang.com/d/mixed-decls

    ╷
99  │ ┌   .dark {
100 │ │     display: none;
101 │ │   }
    │ └─── nested rule
... │
105 │     --categories-hover-bg: var(--btn-border-color);
    │     ^^^^^^^^^^^^^^^^^^^^^^^^^^^^^^^^^^^^^^^^^^^^^^ declaration
    ╵
    /home/lucas/github/ArthurHendrich.github.io/_sass/colors/typography-light.scss 105:3  light-scheme()
    /home/lucas/github/ArthurHendrich.github.io/_sass/addon/commons.scss 7:7              @import
    main.scss 7:9                                                                         @import
    /home/lucas/github/ArthurHendrich.github.io/assets/css/jekyll-theme-chirpy.scss 1:9   root stylesheet
DEPRECATION WARNING: Sass's behavior for declarations that appear after nested
rules will be changing to match the behavior specified by CSS in an upcoming
version. To keep the existing behavior, move the declaration above the nested
rule. To opt into the new behavior, wrap the declaration in `& {}`.

More info: https://sass-lang.com/d/mixed-decls

    ╷
99  │ ┌   .dark {
100 │ │     display: none;
101 │ │   }
    │ └─── nested rule
... │
106 │     --categories-icon-hover-color: darkslategray;
    │     ^^^^^^^^^^^^^^^^^^^^^^^^^^^^^^^^^^^^^^^^^^^^ declaration
    ╵
    /home/lucas/github/ArthurHendrich.github.io/_sass/colors/typography-light.scss 106:3  light-scheme()
    /home/lucas/github/ArthurHendrich.github.io/_sass/addon/commons.scss 7:7              @import
    main.scss 7:9                                                                         @import
    /home/lucas/github/ArthurHendrich.github.io/assets/css/jekyll-theme-chirpy.scss 1:9   root stylesheet
WARNING: 17 repetitive deprecation warnings omitted.
Run in verbose mode to see all warnings.
DEPRECATION WARNING: Sass's behavior for declarations that appear after nested
rules will be changing to match the behavior specified by CSS in an upcoming
version. To keep the existing behavior, move the declaration above the nested
rule. To opt into the new behavior, wrap the declaration in `& {}`.

More info: https://sass-lang.com/d/mixed-decls

    ╷
53  │     @at-root figure#{&} {
    │ ┌────────────^
54  │ │     @extend %code-snippet-bg;
55  │ │   }
    │ └─── nested rule
... │
57  │     overflow: auto;
    │     ^^^^^^^^^^^^^^ declaration
    ╵
    /home/lucas/github/ArthurHendrich.github.io/_sass/addon/syntax.scss 57:3             @import
    main.scss 6:9                                                                        @import
    /home/lucas/github/ArthurHendrich.github.io/assets/css/jekyll-theme-chirpy.scss 1:9  root stylesheet
DEPRECATION WARNING: Sass's behavior for declarations that appear after nested
rules will be changing to match the behavior specified by CSS in an upcoming
version. To keep the existing behavior, move the declaration above the nested
rule. To opt into the new behavior, wrap the declaration in `& {}`.

More info: https://sass-lang.com/d/mixed-decls

    ╷
53  │     @at-root figure#{&} {
    │ ┌────────────^
54  │ │     @extend %code-snippet-bg;
55  │ │   }
    │ └─── nested rule
... │
58  │     padding-bottom: 0.75rem;
    │     ^^^^^^^^^^^^^^^^^^^^^^^ declaration
    ╵
    /home/lucas/github/ArthurHendrich.github.io/_sass/addon/syntax.scss 58:3             @import
    main.scss 6:9                                                                        @import
    /home/lucas/github/ArthurHendrich.github.io/assets/css/jekyll-theme-chirpy.scss 1:9  root stylesheet
DEPRECATION WARNING: Sass's behavior for declarations that appear after nested
rules will be changing to match the behavior specified by CSS in an upcoming
version. To keep the existing behavior, move the declaration above the nested
rule. To opt into the new behavior, wrap the declaration in `& {}`.

More info: https://sass-lang.com/d/mixed-decls

    ╷
99  │ ┌   .dark {
100 │ │     display: none;
101 │ │   }
    │ └─── nested rule
... │
104 │     --categories-border: rgba(0, 0, 0, 0.125);
    │     ^^^^^^^^^^^^^^^^^^^^^^^^^^^^^^^^^^^^^^^^^ declaration
    ╵
    /home/lucas/github/ArthurHendrich.github.io/_sass/colors/typography-light.scss 104:3  light-scheme()
    /home/lucas/github/ArthurHendrich.github.io/_sass/addon/commons.scss 7:7              @import
    main.scss 7:9                                                                         @import
    /home/lucas/github/ArthurHendrich.github.io/assets/css/jekyll-theme-chirpy.scss 1:9   root stylesheet
DEPRECATION WARNING: Sass's behavior for declarations that appear after nested
rules will be changing to match the behavior specified by CSS in an upcoming
version. To keep the existing behavior, move the declaration above the nested
rule. To opt into the new behavior, wrap the declaration in `& {}`.

More info: https://sass-lang.com/d/mixed-decls

    ╷
99  │ ┌   .dark {
100 │ │     display: none;
101 │ │   }
    │ └─── nested rule
... │
105 │     --categories-hover-bg: var(--btn-border-color);
    │     ^^^^^^^^^^^^^^^^^^^^^^^^^^^^^^^^^^^^^^^^^^^^^^ declaration
    ╵
    /home/lucas/github/ArthurHendrich.github.io/_sass/colors/typography-light.scss 105:3  light-scheme()
    /home/lucas/github/ArthurHendrich.github.io/_sass/addon/commons.scss 7:7              @import
    main.scss 7:9                                                                         @import
    /home/lucas/github/ArthurHendrich.github.io/assets/css/jekyll-theme-chirpy.scss 1:9   root stylesheet
DEPRECATION WARNING: Sass's behavior for declarations that appear after nested
rules will be changing to match the behavior specified by CSS in an upcoming
version. To keep the existing behavior, move the declaration above the nested
rule. To opt into the new behavior, wrap the declaration in `& {}`.

More info: https://sass-lang.com/d/mixed-decls

    ╷
99  │ ┌   .dark {
100 │ │     display: none;
101 │ │   }
    │ └─── nested rule
... │
106 │     --categories-icon-hover-color: darkslategray;
    │     ^^^^^^^^^^^^^^^^^^^^^^^^^^^^^^^^^^^^^^^^^^^^ declaration
    ╵
    /home/lucas/github/ArthurHendrich.github.io/_sass/colors/typography-light.scss 106:3  light-scheme()
    /home/lucas/github/ArthurHendrich.github.io/_sass/addon/commons.scss 7:7              @import
    main.scss 7:9                                                                         @import
    /home/lucas/github/ArthurHendrich.github.io/assets/css/jekyll-theme-chirpy.scss 1:9   root stylesheet
WARNING: 17 repetitive deprecation warnings omitted.
Run in verbose mode to see all warnings.
